TN:
SF:/Users/x/Downloads/vue-draggable-resizable-master/src/App.vue
FN:17,(anonymous_0)
FN:26,(anonymous_1)
FN:27,(anonymous_2)
FN:31,(anonymous_3)
FN:56,(anonymous_4)
FN:59,(anonymous_5)
FN:63,(anonymous_6)
FN:79,(anonymous_7)
FN:92,(anonymous_8)
FN:95,(anonymous_9)
FNF:10
FNH:0
FNDA:0,(anonymous_0)
FNDA:0,(anonymous_1)
FNDA:0,(anonymous_2)
FNDA:0,(anonymous_3)
FNDA:0,(anonymous_4)
FNDA:0,(anonymous_5)
FNDA:0,(anonymous_6)
FNDA:0,(anonymous_7)
FNDA:0,(anonymous_8)
FNDA:0,(anonymous_9)
DA:18,0
DA:27,0
DA:28,0
DA:29,0
DA:31,0
DA:32,0
DA:57,0
DA:60,0
DA:61,0
DA:64,0
DA:65,0
DA:66,0
DA:67,0
DA:68,0
DA:69,0
DA:70,0
DA:71,0
DA:72,0
DA:73,0
DA:75,0
DA:76,0
DA:80,0
DA:82,0
DA:83,0
DA:85,0
DA:86,0
DA:88,0
DA:89,0
DA:93,0
DA:96,0
DA:97,0
DA:98,0
LF:32
LH:0
BRDA:61,0,0,0
BRDA:61,0,1,0
BRDA:81,1,0,0
BRDA:81,1,1,0
BRDA:81,1,2,0
BRF:5
BRH:0
end_of_record
TN:
SF:/Users/x/Downloads/vue-draggable-resizable-master/src/index.js
FN:5,install
FNF:1
FNH:0
FNDA:0,install
DA:6,0
DA:7,0
DA:8,0
DA:11,1
DA:15,1
DA:16,1
DA:17,1
DA:18,0
DA:19,0
DA:21,1
DA:22,0
LF:11
LH:5
BRDA:6,0,0,0
BRDA:6,0,1,0
BRDA:16,1,0,1
BRDA:16,1,1,0
BRDA:18,2,0,0
BRDA:18,2,1,0
BRDA:21,3,0,0
BRDA:21,3,1,1
BRF:8
BRH:2
end_of_record
TN:
SF:/Users/x/Downloads/vue-draggable-resizable-master/src/components/menu.vue
FN:35,(anonymous_0)
FN:43,(anonymous_1)
FN:49,(anonymous_2)
FN:62,(anonymous_3)
FN:64,(anonymous_4)
FNF:5
FNH:0
FNDA:0,(anonymous_0)
FNDA:0,(anonymous_1)
FNDA:0,(anonymous_2)
FNDA:0,(anonymous_3)
FNDA:0,(anonymous_4)
DA:36,0
DA:44,0
DA:50,0
DA:51,0
DA:52,0
DA:53,0
DA:54,0
DA:55,0
DA:57,0
DA:58,0
DA:65,0
DA:66,0
DA:67,0
DA:68,0
DA:69,0
DA:70,0
DA:73,0
DA:74,0
DA:75,0
DA:77,0
DA:78,0
DA:79,0
DA:80,0
DA:81,0
DA:82,0
DA:83,0
DA:84,0
DA:86,0
DA:87,0
LF:29
LH:0
BRDA:54,0,0,0
BRDA:54,0,1,0
BRDA:57,1,0,0
BRDA:57,1,1,0
BRDA:66,2,0,0
BRDA:66,2,1,0
BRDA:69,3,0,0
BRDA:69,3,1,0
BRDA:79,4,0,0
BRDA:79,4,1,0
BRDA:82,5,0,0
BRDA:82,5,1,0
BRDA:86,6,0,0
BRDA:86,6,1,0
BRF:14
BRH:0
end_of_record
TN:
SF:/Users/x/Downloads/vue-draggable-resizable-master/src/components/vue-draggable-resizable.vue
FN:144,(anonymous_0)
FN:187,(anonymous_1)
FN:198,(anonymous_2)
FN:209,(anonymous_3)
FN:214,(anonymous_4)
FN:219,(anonymous_5)
FN:224,(anonymous_6)
FN:241,(anonymous_7)
FN:245,(anonymous_8)
FN:246,(anonymous_9)
FN:248,(anonymous_10)
FN:262,(anonymous_11)
FN:266,(anonymous_12)
FN:275,(anonymous_13)
FN:279,(anonymous_14)
FN:283,(anonymous_15)
FN:287,(anonymous_16)
FN:291,(anonymous_17)
FN:295,(anonymous_18)
FN:299,(anonymous_19)
FN:303,(anonymous_20)
FN:336,(anonymous_21)
FN:344,(anonymous_22)
FN:346,(anonymous_23)
FN:372,(anonymous_24)
FN:376,(anonymous_25)
FN:394,(anonymous_26)
FN:456,(anonymous_27)
FN:462,(anonymous_28)
FN:468,(anonymous_29)
FN:474,(anonymous_30)
FN:500,(anonymous_31)
FN:513,(anonymous_32)
FN:538,(anonymous_33)
FN:555,(anonymous_34)
FN:570,(anonymous_35)
FN:579,(anonymous_36)
FN:593,(anonymous_37)
FN:600,(anonymous_38)
FN:613,(anonymous_39)
FN:617,(anonymous_40)
FN:621,(anonymous_41)
FN:679,(anonymous_42)
FN:683,(anonymous_43)
FN:702,(anonymous_44)
FN:751,(anonymous_45)
FN:762,(anonymous_46)
FN:782,(anonymous_47)
FN:786,(anonymous_48)
FN:790,(anonymous_49)
FN:822,(anonymous_50)
FN:846,(anonymous_51)
FN:904,(anonymous_52)
FN:926,(anonymous_53)
FN:934,(anonymous_54)
FN:942,(anonymous_55)
FN:999,(anonymous_56)
FN:1144,(anonymous_57)
FN:1151,(anonymous_58)
FN:1177,(anonymous_59)
FN:1183,(anonymous_60)
FN:1205,(anonymous_61)
FN:1227,(anonymous_62)
FN:1234,(anonymous_63)
FN:1237,(anonymous_64)
FN:1247,(anonymous_65)
FN:1273,(anonymous_66)
FN:1307,(anonymous_67)
FN:1330,(anonymous_68)
FN:1341,(anonymous_69)
FN:1345,(anonymous_70)
FN:1354,(anonymous_71)
FN:1363,(anonymous_72)
FN:1366,(anonymous_73)
FN:1369,(anonymous_74)
FN:1376,(anonymous_75)
FN:1392,(anonymous_76)
FN:1397,(anonymous_77)
FN:1408,(anonymous_78)
FN:1419,(anonymous_79)
FN:1426,(anonymous_80)
FN:1431,(anonymous_81)
FN:1436,(anonymous_82)
FN:1439,(anonymous_83)
FN:1442,(anonymous_84)
FN:1453,(anonymous_85)
FNF:86
FNH:65
FNDA:127,(anonymous_0)
FNDA:135,(anonymous_1)
FNDA:127,(anonymous_2)
FNDA:129,(anonymous_3)
FNDA:129,(anonymous_4)
FNDA:5,(anonymous_5)
FNDA:5,(anonymous_6)
FNDA:131,(anonymous_7)
FNDA:125,(anonymous_8)
FNDA:129,(anonymous_9)
FNDA:1000,(anonymous_10)
FNDA:131,(anonymous_11)
FNDA:115,(anonymous_12)
FNDA:130,(anonymous_13)
FNDA:22,(anonymous_14)
FNDA:224,(anonymous_15)
FNDA:21,(anonymous_16)
FNDA:412,(anonymous_17)
FNDA:0,(anonymous_18)
FNDA:0,(anonymous_19)
FNDA:127,(anonymous_20)
FNDA:127,(anonymous_21)
FNDA:127,(anonymous_22)
FNDA:0,(anonymous_23)
FNDA:127,(anonymous_24)
FNDA:119,(anonymous_25)
FNDA:5031,(anonymous_26)
FNDA:641,(anonymous_27)
FNDA:21552,(anonymous_28)
FNDA:677,(anonymous_29)
FNDA:0,(anonymous_30)
FNDA:80,(anonymous_31)
FNDA:2088,(anonymous_32)
FNDA:271,(anonymous_33)
FNDA:360,(anonymous_34)
FNDA:41,(anonymous_35)
FNDA:175,(anonymous_36)
FNDA:41,(anonymous_37)
FNDA:168,(anonymous_38)
FNDA:1,(anonymous_39)
FNDA:22,(anonymous_40)
FNDA:23,(anonymous_41)
FNDA:807,(anonymous_42)
FNDA:6,(anonymous_43)
FNDA:23,(anonymous_44)
FNDA:60,(anonymous_45)
FNDA:35,(anonymous_46)
FNDA:0,(anonymous_47)
FNDA:0,(anonymous_48)
FNDA:0,(anonymous_49)
FNDA:21,(anonymous_50)
FNDA:0,(anonymous_51)
FNDA:1021,(anonymous_52)
FNDA:3,(anonymous_53)
FNDA:3,(anonymous_54)
FNDA:22,(anonymous_55)
FNDA:517,(anonymous_56)
FNDA:329,(anonymous_57)
FNDA:0,(anonymous_58)
FNDA:0,(anonymous_59)
FNDA:3,(anonymous_60)
FNDA:3,(anonymous_61)
FNDA:0,(anonymous_62)
FNDA:275,(anonymous_63)
FNDA:517,(anonymous_64)
FNDA:0,(anonymous_65)
FNDA:36,(anonymous_66)
FNDA:0,(anonymous_67)
FNDA:366,(anonymous_68)
FNDA:129,(anonymous_69)
FNDA:289,(anonymous_70)
FNDA:288,(anonymous_71)
FNDA:0,(anonymous_72)
FNDA:0,(anonymous_73)
FNDA:0,(anonymous_74)
FNDA:128,(anonymous_75)
FNDA:1,(anonymous_76)
FNDA:3,(anonymous_77)
FNDA:3,(anonymous_78)
FNDA:0,(anonymous_79)
FNDA:0,(anonymous_80)
FNDA:0,(anonymous_81)
FNDA:0,(anonymous_82)
FNDA:0,(anonymous_83)
FNDA:3,(anonymous_84)
FNDA:3,(anonymous_85)
DA:54,1
DA:58,1
DA:59,1
DA:72,1
DA:79,1
DA:86,1
DA:145,127
DA:188,135
DA:189,128
DA:192,7
DA:199,127
DA:200,124
DA:203,3
DA:209,129
DA:214,129
DA:219,5
DA:224,5
DA:241,131
DA:245,125
DA:247,129
DA:248,1129
DA:262,131
DA:266,115
DA:275,130
DA:279,22
DA:283,224
DA:287,21
DA:291,412
DA:295,0
DA:299,0
DA:304,127
DA:338,127
DA:340,127
DA:342,127
DA:345,127
DA:346,126
DA:349,127
DA:351,127
DA:352,127
DA:354,127
DA:356,127
DA:358,127
DA:359,127
DA:361,127
DA:362,127
DA:364,127
DA:365,127
DA:366,127
DA:367,127
DA:368,127
DA:369,127
DA:370,127
DA:371,127
DA:372,127
DA:373,127
DA:377,119
DA:378,119
DA:379,119
DA:380,119
DA:381,119
DA:382,119
DA:383,119
DA:384,119
DA:386,119
DA:387,119
DA:388,119
DA:389,119
DA:390,119
DA:395,5031
DA:396,5031
DA:397,5031
DA:398,5031
DA:400,5031
DA:401,641
DA:402,641
DA:403,3205
DA:404,3205
DA:405,86
DA:406,86
DA:407,0
DA:409,86
DA:411,86
DA:413,3205
DA:414,3205
DA:415,4
DA:416,4
DA:417,4
DA:419,0
DA:421,4
DA:424,4390
DA:425,4390
DA:426,4390
DA:427,21950
DA:428,109750
DA:429,109750
DA:430,10737
DA:431,10737
DA:432,8146
DA:434,2591
DA:436,10737
DA:437,10737
DA:438,10737
DA:440,109750
DA:441,109750
DA:442,10725
DA:443,10725
DA:444,7963
DA:446,2762
DA:448,10725
DA:449,10725
DA:450,10725
DA:457,641
DA:458,641
DA:459,641
DA:460,641
DA:463,21552
DA:464,21552
DA:465,21552
DA:466,21552
DA:469,677
DA:470,677
DA:471,21500
DA:476,0
DA:477,0
DA:478,0
DA:479,0
DA:480,0
DA:481,0
DA:483,0
DA:484,0
DA:485,0
DA:487,0
DA:488,0
DA:494,0
DA:495,0
DA:501,80
DA:502,20
DA:503,20
DA:504,20
DA:505,20
DA:506,20
DA:507,20
DA:508,20
DA:509,4
DA:514,2088
DA:515,342
DA:516,342
DA:517,342
DA:518,342
DA:519,342
DA:520,342
DA:521,0
DA:523,342
DA:524,0
DA:526,342
DA:527,71
DA:529,271
DA:530,271
DA:531,271
DA:532,271
DA:533,271
DA:534,271
DA:535,271
DA:536,271
DA:537,271
DA:538,271
DA:539,271
DA:540,271
DA:543,271
DA:544,0
DA:547,271
DA:548,271
DA:556,360
DA:557,3
DA:558,3
DA:559,3
DA:560,3
DA:561,3
DA:562,3
DA:563,3
DA:564,3
DA:565,3
DA:566,3
DA:571,41
DA:572,41
DA:573,41
DA:574,41
DA:575,41
DA:576,41
DA:580,175
DA:582,175
DA:594,41
DA:595,41
DA:596,41
DA:597,41
DA:598,41
DA:601,168
DA:602,20
DA:603,20
DA:604,20
DA:605,20
DA:606,20
DA:611,148
DA:614,1
DA:615,1
DA:618,22
DA:619,22
DA:622,23
DA:623,0
DA:625,23
DA:627,23
DA:628,23
DA:629,1
DA:631,22
DA:635,2
DA:636,2
DA:638,20
DA:639,20
DA:640,12
DA:641,12
DA:642,12
DA:643,12
DA:644,12
DA:646,12
DA:647,12
DA:648,12
DA:649,12
DA:651,8
DA:652,0
DA:653,0
DA:654,0
DA:655,0
DA:656,0
DA:657,0
DA:658,0
DA:660,8
DA:661,8
DA:664,20
DA:665,20
DA:666,20
DA:667,20
DA:668,19
DA:670,20
DA:671,20
DA:672,20
DA:674,20
DA:675,20
DA:676,20
DA:680,807
DA:681,807
DA:684,6
DA:685,6
DA:686,6
DA:687,6
DA:688,6
DA:689,6
DA:690,6
DA:691,6
DA:692,6
DA:693,6
DA:694,6
DA:695,6
DA:696,6
DA:697,6
DA:698,6
DA:699,6
DA:700,6
DA:703,23
DA:704,23
DA:705,23
DA:706,23
DA:707,23
DA:708,23
DA:709,23
DA:711,2
DA:712,0
DA:714,2
DA:716,2
DA:717,0
DA:718,0
DA:719,2
DA:720,0
DA:721,2
DA:722,0
DA:724,2
DA:725,1
DA:726,1
DA:728,1
DA:729,1
DA:731,0
DA:733,1
DA:734,1
DA:735,1
DA:736,1
DA:739,23
DA:740,23
DA:741,23
DA:742,23
DA:743,23
DA:749,23
DA:752,60
DA:753,60
DA:754,60
DA:755,33
DA:757,27
DA:758,25
DA:760,27
DA:763,35
DA:764,35
DA:765,2
DA:766,1
DA:767,1
DA:768,1
DA:770,2
DA:771,2
DA:772,2
DA:773,2
DA:774,2
DA:776,35
DA:777,2
DA:779,35
DA:780,35
DA:783,0
DA:784,0
DA:787,0
DA:788,0
DA:791,0
DA:792,0
DA:795,0
DA:796,0
DA:799,0
DA:800,0
DA:802,0
DA:803,0
DA:804,0
DA:805,0
DA:806,0
DA:807,0
DA:808,0
DA:809,0
DA:810,0
DA:811,0
DA:812,0
DA:813,0
DA:815,0
DA:816,0
DA:817,0
DA:818,0
DA:819,0
DA:820,0
DA:823,21
DA:824,21
DA:825,21
DA:826,21
DA:827,21
DA:847,0
DA:848,0
DA:849,0
DA:850,0
DA:851,0
DA:852,0
DA:853,0
DA:854,0
DA:855,0
DA:857,0
DA:858,0
DA:859,0
DA:860,0
DA:861,0
DA:862,0
DA:863,0
DA:864,0
DA:865,0
DA:867,0
DA:868,0
DA:869,0
DA:870,0
DA:871,0
DA:873,0
DA:874,0
DA:875,0
DA:876,0
DA:878,0
DA:879,0
DA:881,0
DA:885,0
DA:905,1021
DA:906,0
DA:908,1021
DA:909,1021
DA:910,1021
DA:911,1021
DA:912,1021
DA:913,1021
DA:914,1021
DA:915,160
DA:917,861
DA:918,517
DA:919,344
DA:920,342
DA:921,342
DA:922,2
DA:923,0
DA:927,3
DA:929,3
DA:931,3
DA:932,3
DA:935,3
DA:937,3
DA:939,3
DA:940,3
DA:943,22
DA:944,0
DA:947,22
DA:948,1
DA:950,21
DA:951,21
DA:953,21
DA:954,21
DA:955,21
DA:956,21
DA:957,21
DA:958,21
DA:959,21
DA:960,21
DA:961,21
DA:962,21
DA:964,21
DA:965,21
DA:969,21
DA:970,21
DA:974,2
DA:975,2
DA:977,0
DA:978,0
DA:980,0
DA:981,0
DA:985,19
DA:986,19
DA:988,21
DA:989,21
DA:990,21
DA:991,21
DA:992,21
DA:994,21
DA:995,21
DA:996,21
DA:997,21
DA:1000,517
DA:1001,517
DA:1002,517
DA:1003,517
DA:1005,517
DA:1006,517
DA:1008,517
DA:1009,20
DA:1012,517
DA:1013,18
DA:1016,517
DA:1017,395
DA:1018,122
DA:1019,2
DA:1021,517
DA:1022,515
DA:1023,2
DA:1024,2
DA:1027,517
DA:1028,120
DA:1029,0
DA:1030,0
DA:1031,0
DA:1032,0
DA:1034,0
DA:1036,120
DA:1037,0
DA:1038,0
DA:1039,0
DA:1040,0
DA:1042,0
DA:1044,120
DA:1045,0
DA:1046,0
DA:1047,0
DA:1048,0
DA:1050,0
DA:1052,120
DA:1053,0
DA:1054,0
DA:1055,0
DA:1056,0
DA:1058,0
DA:1060,120
DA:1061,0
DA:1062,120
DA:1063,0
DA:1064,120
DA:1065,120
DA:1066,0
DA:1067,0
DA:1071,517
DA:1072,517
DA:1074,517
DA:1075,16
DA:1078,501
DA:1079,71
DA:1082,430
DA:1086,430
DA:1087,430
DA:1089,430
DA:1093,2
DA:1094,2
DA:1096,0
DA:1097,0
DA:1099,0
DA:1100,0
DA:1104,428
DA:1105,428
DA:1107,430
DA:1108,430
DA:1109,430
DA:1110,430
DA:1111,430
DA:1112,430
DA:1113,430
DA:1115,430
DA:1116,430
DA:1120,430
DA:1121,430
DA:1122,430
DA:1123,430
DA:1124,430
DA:1125,430
DA:1126,430
DA:1127,430
DA:1128,430
DA:1129,430
DA:1130,430
DA:1131,430
DA:1133,430
DA:1134,101
DA:1136,329
DA:1137,329
DA:1138,329
DA:1139,329
DA:1140,329
DA:1141,329
DA:1142,329
DA:1143,329
DA:1144,329
DA:1145,329
DA:1146,329
DA:1149,329
DA:1152,0
DA:1153,0
DA:1154,0
DA:1155,0
DA:1156,0
DA:1157,0
DA:1158,0
DA:1159,0
DA:1160,0
DA:1161,0
DA:1162,0
DA:1163,0
DA:1164,0
DA:1165,0
DA:1166,0
DA:1167,0
DA:1168,0
DA:1169,0
DA:1171,0
DA:1172,0
DA:1174,0
DA:1175,0
DA:1176,0
DA:1177,0
DA:1178,0
DA:1179,0
DA:1184,3
DA:1186,3
DA:1191,3
DA:1193,3
DA:1194,0
DA:1197,3
DA:1198,3
DA:1200,3
DA:1201,3
DA:1202,3
DA:1203,3
DA:1206,3
DA:1208,3
DA:1213,3
DA:1215,3
DA:1216,0
DA:1219,3
DA:1220,3
DA:1222,3
DA:1223,3
DA:1224,3
DA:1225,3
DA:1228,0
DA:1229,0
DA:1230,0
DA:1231,0
DA:1235,275
DA:1238,517
DA:1239,517
DA:1240,16
DA:1242,501
DA:1243,0
DA:1245,501
DA:1248,0
DA:1249,0
DA:1251,0
DA:1252,0
DA:1253,0
DA:1254,0
DA:1255,0
DA:1256,0
DA:1258,0
DA:1259,0
DA:1260,0
DA:1261,0
DA:1263,0
DA:1265,0
DA:1266,0
DA:1267,0
DA:1269,0
DA:1270,0
DA:1271,0
DA:1274,36
DA:1275,36
DA:1276,36
DA:1277,36
DA:1278,2
DA:1280,36
DA:1281,36
DA:1282,21
DA:1283,21
DA:1285,36
DA:1286,12
DA:1287,12
DA:1289,36
DA:1290,0
DA:1291,0
DA:1293,36
DA:1295,36
DA:1296,24
DA:1298,36
DA:1299,36
DA:1300,0
DA:1301,0
DA:1303,0
DA:1308,0
DA:1309,0
DA:1310,0
DA:1311,0
DA:1312,0
DA:1313,0
DA:1314,0
DA:1317,0
DA:1320,0
DA:1321,0
DA:1322,0
DA:1323,0
DA:1324,0
DA:1326,0
DA:1331,366
DA:1342,132
DA:1343,126
DA:1346,289
DA:1347,4
DA:1348,3
DA:1352,286
DA:1355,288
DA:1356,4
DA:1357,3
DA:1361,285
DA:1364,0
DA:1367,0
DA:1370,0
DA:1377,128
DA:1378,128
DA:1379,128
DA:1380,47
DA:1381,47
DA:1382,47
DA:1383,47
DA:1384,47
DA:1386,81
DA:1393,1
DA:1394,1
DA:1398,3
DA:1399,0
DA:1402,3
DA:1403,1
DA:1406,3
DA:1409,3
DA:1410,0
DA:1413,3
DA:1414,1
DA:1417,3
DA:1420,0
DA:1421,0
DA:1423,0
DA:1427,0
DA:1428,0
DA:1432,0
DA:1433,0
DA:1437,0
DA:1440,0
DA:1443,3
DA:1444,0
DA:1447,3
DA:1448,1
DA:1451,3
DA:1454,3
DA:1455,0
DA:1458,3
DA:1459,1
DA:1462,3
LF:721
LH:506
BRDA:188,0,0,128
BRDA:188,0,1,7
BRDA:199,1,0,124
BRDA:199,1,1,3
BRDA:241,2,0,127
BRDA:241,2,1,4
BRDA:338,3,0,127
BRDA:338,3,1,130
BRDA:340,4,0,127
BRDA:340,4,1,130
BRDA:345,5,0,126
BRDA:345,5,1,1
BRDA:356,6,0,248
BRDA:356,6,1,6
BRDA:358,7,0,124
BRDA:358,7,1,3
BRDA:359,8,0,124
BRDA:359,8,1,3
BRDA:400,9,0,641
BRDA:400,9,1,4390
BRDA:404,10,0,86
BRDA:404,10,1,3119
BRDA:406,11,0,0
BRDA:406,11,1,86
BRDA:409,12,0,43
BRDA:409,12,1,43
BRDA:414,13,0,4
BRDA:414,13,1,3201
BRDA:416,14,0,4
BRDA:416,14,1,0
BRDA:419,15,0,0
BRDA:419,15,1,0
BRDA:424,16,0,4390
BRDA:424,16,1,0
BRDA:424,17,0,4390
BRDA:424,17,1,4390
BRDA:429,18,0,10737
BRDA:429,18,1,99013
BRDA:431,19,0,8146
BRDA:431,19,1,2591
BRDA:434,20,0,52
BRDA:434,20,1,2539
BRDA:441,21,0,10725
BRDA:441,21,1,99025
BRDA:443,22,0,7963
BRDA:443,22,1,2762
BRDA:446,23,0,47
BRDA:446,23,1,2715
BRDA:476,24,0,0
BRDA:476,24,1,0
BRDA:476,25,0,0
BRDA:476,25,1,0
BRDA:476,25,2,0
BRDA:479,26,0,0
BRDA:479,26,1,0
BRDA:480,27,0,0
BRDA:480,27,1,0
BRDA:483,28,0,0
BRDA:483,28,1,0
BRDA:484,29,0,0
BRDA:484,29,1,0
BRDA:487,30,0,0
BRDA:487,30,1,0
BRDA:494,31,0,0
BRDA:494,31,1,0
BRDA:494,32,0,0
BRDA:494,32,1,0
BRDA:501,33,0,20
BRDA:501,33,1,60
BRDA:508,34,0,4
BRDA:508,34,1,16
BRDA:514,35,0,342
BRDA:514,35,1,1746
BRDA:520,36,0,0
BRDA:520,36,1,342
BRDA:520,37,0,342
BRDA:520,37,1,4
BRDA:520,37,2,4
BRDA:520,37,3,0
BRDA:523,38,0,0
BRDA:523,38,1,342
BRDA:523,39,0,342
BRDA:523,39,1,4
BRDA:523,39,2,4
BRDA:523,39,3,0
BRDA:526,40,0,71
BRDA:526,40,1,271
BRDA:537,41,0,271
BRDA:537,41,1,0
BRDA:539,42,0,271
BRDA:539,42,1,0
BRDA:539,43,0,271
BRDA:539,43,1,271
BRDA:543,44,0,0
BRDA:543,44,1,271
BRDA:547,45,0,271
BRDA:547,45,1,0
BRDA:556,46,0,3
BRDA:556,46,1,357
BRDA:556,47,0,360
BRDA:556,47,1,60
BRDA:557,48,0,3
BRDA:557,48,1,0
BRDA:557,49,0,3
BRDA:557,49,1,0
BRDA:557,49,2,0
BRDA:601,50,0,20
BRDA:601,50,1,148
BRDA:622,51,0,0
BRDA:622,51,1,23
BRDA:622,52,0,23
BRDA:622,52,1,22
BRDA:622,52,2,0
BRDA:625,53,0,23
BRDA:625,53,1,0
BRDA:627,54,0,23
BRDA:627,54,1,0
BRDA:628,55,0,1
BRDA:628,55,1,22
BRDA:631,56,0,2
BRDA:631,56,1,20
BRDA:632,57,0,22
BRDA:632,57,1,3
BRDA:632,57,2,21
BRDA:632,57,3,2
BRDA:639,58,0,12
BRDA:639,58,1,8
BRDA:643,59,0,12
BRDA:643,59,1,0
BRDA:643,60,0,12
BRDA:643,60,1,12
BRDA:646,61,0,12
BRDA:646,61,1,12
BRDA:651,62,0,0
BRDA:651,62,1,8
BRDA:651,63,0,8
BRDA:651,63,1,8
BRDA:664,64,0,20
BRDA:664,64,1,20
BRDA:665,65,0,20
BRDA:665,65,1,20
BRDA:667,66,0,19
BRDA:667,66,1,1
BRDA:670,67,0,20
BRDA:670,67,1,0
BRDA:674,68,0,1
BRDA:674,68,1,19
BRDA:675,69,0,1
BRDA:675,69,1,19
BRDA:689,70,0,6
BRDA:689,70,1,0
BRDA:690,71,0,6
BRDA:690,71,1,0
BRDA:709,72,0,2
BRDA:709,72,1,21
BRDA:711,73,0,0
BRDA:711,73,1,2
BRDA:716,74,0,0
BRDA:716,74,1,2
BRDA:716,75,0,2
BRDA:716,75,1,0
BRDA:719,76,0,0
BRDA:719,76,1,2
BRDA:721,77,0,0
BRDA:721,77,1,2
BRDA:724,78,0,1
BRDA:724,78,1,1
BRDA:728,79,0,1
BRDA:728,79,1,0
BRDA:754,80,0,33
BRDA:754,80,1,27
BRDA:757,81,0,25
BRDA:757,81,1,2
BRDA:758,82,0,25
BRDA:758,82,1,25
BRDA:763,83,0,35
BRDA:763,83,1,0
BRDA:764,84,0,2
BRDA:764,84,1,33
BRDA:765,85,0,1
BRDA:765,85,1,1
BRDA:765,86,0,2
BRDA:765,86,1,2
BRDA:776,87,0,2
BRDA:776,87,1,33
BRDA:791,88,0,0
BRDA:791,88,1,0
BRDA:791,89,0,0
BRDA:791,89,1,0
BRDA:795,90,0,0
BRDA:795,90,1,0
BRDA:799,91,0,0
BRDA:799,91,1,0
BRDA:800,92,0,0
BRDA:800,92,1,0
BRDA:805,93,0,0
BRDA:805,93,1,0
BRDA:806,94,0,0
BRDA:806,94,1,0
BRDA:811,95,0,0
BRDA:811,95,1,0
BRDA:873,96,0,0
BRDA:873,96,1,0
BRDA:873,96,2,0
BRDA:874,97,0,0
BRDA:874,97,1,0
BRDA:874,97,2,0
BRDA:875,98,0,0
BRDA:875,98,1,0
BRDA:875,98,2,0
BRDA:876,99,0,0
BRDA:876,99,1,0
BRDA:876,99,2,0
BRDA:905,100,0,0
BRDA:905,100,1,1021
BRDA:905,101,0,1021
BRDA:905,101,1,0
BRDA:911,102,0,2040
BRDA:911,102,1,2042
BRDA:912,103,0,2040
BRDA:912,103,1,2042
BRDA:914,104,0,160
BRDA:914,104,1,861
BRDA:914,105,0,1021
BRDA:914,105,1,161
BRDA:917,106,0,517
BRDA:917,106,1,344
BRDA:919,107,0,342
BRDA:919,107,1,2
BRDA:922,108,0,0
BRDA:922,108,1,2
BRDA:923,109,0,0
BRDA:923,109,1,0
BRDA:943,110,0,0
BRDA:943,110,1,22
BRDA:943,111,0,22
BRDA:943,111,1,22
BRDA:947,112,0,1
BRDA:947,112,1,21
BRDA:950,113,0,21
BRDA:950,113,1,21
BRDA:951,114,0,21
BRDA:951,114,1,21
BRDA:957,115,0,0
BRDA:957,115,1,21
BRDA:958,116,0,0
BRDA:958,116,1,21
BRDA:971,117,0,0
BRDA:971,117,1,0
BRDA:971,117,2,2
BRDA:971,117,3,0
BRDA:971,117,4,0
BRDA:971,117,5,0
BRDA:971,117,6,2
BRDA:971,117,7,19
BRDA:990,118,0,21
BRDA:990,118,1,0
BRDA:1008,119,0,20
BRDA:1008,119,1,497
BRDA:1008,120,0,517
BRDA:1008,120,1,20
BRDA:1012,121,0,18
BRDA:1012,121,1,499
BRDA:1012,122,0,517
BRDA:1012,122,1,149
BRDA:1016,123,0,395
BRDA:1016,123,1,122
BRDA:1018,124,0,2
BRDA:1018,124,1,120
BRDA:1021,125,0,515
BRDA:1021,125,1,2
BRDA:1023,126,0,2
BRDA:1023,126,1,0
BRDA:1027,127,0,120
BRDA:1027,127,1,397
BRDA:1028,128,0,0
BRDA:1028,128,1,120
BRDA:1031,129,0,0
BRDA:1031,129,1,0
BRDA:1036,130,0,0
BRDA:1036,130,1,120
BRDA:1039,131,0,0
BRDA:1039,131,1,0
BRDA:1044,132,0,0
BRDA:1044,132,1,120
BRDA:1047,133,0,0
BRDA:1047,133,1,0
BRDA:1052,134,0,0
BRDA:1052,134,1,120
BRDA:1055,135,0,0
BRDA:1055,135,1,0
BRDA:1060,136,0,0
BRDA:1060,136,1,120
BRDA:1062,137,0,0
BRDA:1062,137,1,120
BRDA:1064,138,0,120
BRDA:1064,138,1,0
BRDA:1066,139,0,0
BRDA:1066,139,1,0
BRDA:1074,140,0,16
BRDA:1074,140,1,501
BRDA:1078,141,0,71
BRDA:1078,141,1,430
BRDA:1090,142,0,0
BRDA:1090,142,1,0
BRDA:1090,142,2,2
BRDA:1090,142,3,0
BRDA:1090,142,4,0
BRDA:1090,142,5,0
BRDA:1090,142,6,120
BRDA:1090,142,7,428
BRDA:1133,143,0,101
BRDA:1133,143,1,329
BRDA:1133,144,0,430
BRDA:1133,144,1,275
BRDA:1143,145,0,329
BRDA:1143,145,1,0
BRDA:1157,146,0,0
BRDA:1157,146,1,0
BRDA:1157,146,2,0
BRDA:1158,147,0,0
BRDA:1158,147,1,0
BRDA:1158,147,2,0
BRDA:1159,148,0,0
BRDA:1159,148,1,0
BRDA:1159,148,2,0
BRDA:1160,149,0,0
BRDA:1160,149,1,0
BRDA:1160,149,2,0
BRDA:1161,150,0,0
BRDA:1161,150,1,0
BRDA:1164,151,0,0
BRDA:1164,151,1,0
BRDA:1166,152,0,0
BRDA:1166,152,1,0
BRDA:1171,153,0,0
BRDA:1171,153,1,0
BRDA:1171,154,0,0
BRDA:1171,154,1,0
BRDA:1176,155,0,0
BRDA:1176,155,1,0
BRDA:1193,156,0,0
BRDA:1193,156,1,3
BRDA:1215,157,0,0
BRDA:1215,157,1,3
BRDA:1228,158,0,0
BRDA:1228,158,1,0
BRDA:1239,159,0,16
BRDA:1239,159,1,501
BRDA:1239,160,0,517
BRDA:1239,160,1,502
BRDA:1239,160,2,1
BRDA:1242,161,0,0
BRDA:1242,161,1,501
BRDA:1242,162,0,501
BRDA:1242,162,1,501
BRDA:1242,162,2,0
BRDA:1248,163,0,0
BRDA:1248,163,1,0
BRDA:1249,164,0,0
BRDA:1249,164,1,0
BRDA:1251,165,0,0
BRDA:1251,165,1,0
BRDA:1255,166,0,0
BRDA:1255,166,1,0
BRDA:1255,167,0,0
BRDA:1255,167,1,0
BRDA:1258,168,0,0
BRDA:1258,168,1,0
BRDA:1266,169,0,0
BRDA:1266,169,1,0
BRDA:1277,170,0,2
BRDA:1277,170,1,34
BRDA:1281,171,0,21
BRDA:1281,171,1,15
BRDA:1285,172,0,12
BRDA:1285,172,1,24
BRDA:1289,173,0,0
BRDA:1289,173,1,36
BRDA:1295,174,0,24
BRDA:1295,174,1,12
BRDA:1295,175,0,36
BRDA:1295,175,1,24
BRDA:1295,175,2,24
BRDA:1299,176,0,0
BRDA:1299,176,1,36
BRDA:1300,177,0,0
BRDA:1300,177,1,0
BRDA:1300,178,0,0
BRDA:1300,178,1,0
BRDA:1313,179,0,0
BRDA:1313,179,1,0
BRDA:1314,180,0,0
BRDA:1314,180,1,0
BRDA:1314,181,0,0
BRDA:1314,181,1,0
BRDA:1314,181,2,0
BRDA:1314,181,3,0
BRDA:1338,182,0,429
BRDA:1338,182,1,366
BRDA:1342,183,0,3
BRDA:1342,183,1,126
BRDA:1346,184,0,4
BRDA:1346,184,1,285
BRDA:1347,185,0,3
BRDA:1347,185,1,1
BRDA:1355,186,0,4
BRDA:1355,186,1,284
BRDA:1356,187,0,3
BRDA:1356,187,1,1
BRDA:1364,188,0,0
BRDA:1364,188,1,0
BRDA:1364,188,2,0
BRDA:1367,189,0,0
BRDA:1367,189,1,0
BRDA:1367,189,2,0
BRDA:1370,190,0,0
BRDA:1370,190,1,0
BRDA:1379,191,0,47
BRDA:1379,191,1,81
BRDA:1393,192,0,1
BRDA:1393,192,1,0
BRDA:1393,193,0,1
BRDA:1393,193,1,0
BRDA:1398,194,0,0
BRDA:1398,194,1,3
BRDA:1398,195,0,3
BRDA:1398,195,1,3
BRDA:1402,196,0,1
BRDA:1402,196,1,2
BRDA:1409,197,0,0
BRDA:1409,197,1,3
BRDA:1409,198,0,3
BRDA:1409,198,1,3
BRDA:1413,199,0,1
BRDA:1413,199,1,2
BRDA:1420,200,0,0
BRDA:1420,200,1,0
BRDA:1427,201,0,0
BRDA:1427,201,1,0
BRDA:1427,202,0,0
BRDA:1427,202,1,0
BRDA:1432,203,0,0
BRDA:1432,203,1,0
BRDA:1432,204,0,0
BRDA:1432,204,1,0
BRDA:1443,205,0,0
BRDA:1443,205,1,3
BRDA:1443,206,0,3
BRDA:1443,206,1,3
BRDA:1447,207,0,1
BRDA:1447,207,1,2
BRDA:1454,208,0,0
BRDA:1454,208,1,3
BRDA:1454,209,0,3
BRDA:1454,209,1,3
BRDA:1458,210,0,1
BRDA:1458,210,1,2
BRF:458
BRH:259
end_of_record
TN:
SF:/Users/x/Downloads/vue-draggable-resizable-master/src/icon/go.js
FNF:0
FNH:0
DA:2,1
LF:1
LH:1
BRF:0
BRH:0
end_of_record
TN:
SF:/Users/x/Downloads/vue-draggable-resizable-master/src/icon/rotate.js
FNF:0
FNH:0
DA:2,1
LF:1
LH:1
BRF:0
BRH:0
end_of_record
TN:
SF:/Users/x/Downloads/vue-draggable-resizable-master/src/utils/dom.js
FN:3,matchesSelectorToParentElements
FN:12,(anonymous_1)
FN:25,getComputedSize
FN:34,addEvent
FN:47,removeEvent
FNF:5
FNH:5
FNDA:5,matchesSelectorToParentElements
FNDA:5,(anonymous_1)
FNDA:127,getComputedSize
FNDA:512,addEvent
FNDA:1272,removeEvent
DA:4,5
DA:6,5
DA:12,5
DA:14,5
DA:16,5
DA:17,5
DA:18,2
DA:19,0
DA:22,0
DA:26,127
DA:28,127
DA:35,512
DA:36,0
DA:38,512
DA:39,0
DA:40,512
DA:41,512
DA:43,0
DA:48,1272
DA:49,0
DA:51,1272
DA:52,0
DA:53,1272
DA:54,1272
DA:56,0
LF:25
LH:17
BRDA:14,0,0,0
BRDA:14,0,1,5
BRDA:17,1,0,3
BRDA:17,1,1,2
BRDA:18,2,0,2
BRDA:18,2,1,0
BRDA:35,3,0,0
BRDA:35,3,1,512
BRDA:38,4,0,0
BRDA:38,4,1,512
BRDA:40,5,0,512
BRDA:40,5,1,0
BRDA:48,6,0,0
BRDA:48,6,1,1272
BRDA:51,7,0,0
BRDA:51,7,1,1272
BRDA:53,8,0,1272
BRDA:53,8,1,0
BRF:18
BRH:10
end_of_record
TN:
SF:/Users/x/Downloads/vue-draggable-resizable-master/src/utils/fns.js
FN:1,isFunction
FN:5,snapToGrid
FN:12,getSize
FN:21,computeWidth
FN:25,computeHeight
FN:29,restrictToBounds
FNF:6
FNH:5
FNDA:10,isFunction
FNDA:1033,snapToGrid
FNDA:0,getSize
FNDA:523,computeWidth
FNDA:523,computeHeight
FNDA:1238,restrictToBounds
DA:2,10
DA:6,1033
DA:7,1033
DA:9,1033
DA:13,0
DA:15,0
DA:22,523
DA:26,523
DA:30,1238
DA:31,104
DA:33,1134
DA:34,196
DA:36,938
LF:13
LH:11
BRDA:2,0,0,10
BRDA:2,0,1,0
BRDA:5,1,0,0
BRDA:30,2,0,104
BRDA:30,2,1,1134
BRDA:30,3,0,1238
BRDA:30,3,1,872
BRDA:33,4,0,196
BRDA:33,4,1,938
BRDA:33,5,0,1134
BRDA:33,5,1,768
BRF:11
BRH:9
end_of_record
TN:
SF:/Users/x/Downloads/vue-draggable-resizable-master/tests/feature/index.js
FNF:0
FNH:0
DA:4,1
DA:5,1
DA:10,1
DA:11,1
LF:4
LH:4
BRF:0
BRH:0
end_of_record
TN:
SF:/Users/x/Downloads/vue-draggable-resizable-master/tests/feature/specs/basic.spec.js
FN:6,(anonymous_0)
FN:7,(anonymous_1)
FN:16,(anonymous_2)
FN:27,(anonymous_3)
FN:38,(anonymous_4)
FN:67,(anonymous_5)
FN:78,(anonymous_6)
FN:84,(anonymous_7)
FNF:8
FNH:8
FNDA:1,(anonymous_0)
FNDA:1,(anonymous_1)
FNDA:1,(anonymous_2)
FNDA:1,(anonymous_3)
FNDA:1,(anonymous_4)
FNDA:1,(anonymous_5)
FNDA:1,(anonymous_6)
FNDA:5,(anonymous_7)
DA:6,1
DA:7,1
DA:8,1
DA:10,1
DA:12,1
DA:13,1
DA:16,1
DA:17,1
DA:23,1
DA:24,1
DA:27,1
DA:28,1
DA:35,1
DA:38,1
DA:39,1
DA:57,1
DA:58,1
DA:59,1
DA:60,1
DA:61,1
DA:62,1
DA:63,1
DA:64,1
DA:67,1
DA:68,1
DA:74,1
DA:76,1
DA:78,1
DA:79,1
DA:80,1
DA:84,5
LF:31
LH:31
BRF:0
BRH:0
end_of_record
TN:
SF:/Users/x/Downloads/vue-draggable-resizable-master/tests/feature/specs/events.spec.js
FN:7,(anonymous_0)
FN:8,(anonymous_1)
FN:18,(anonymous_2)
FN:31,(anonymous_3)
FN:41,(anonymous_4)
FN:51,(anonymous_5)
FN:64,(anonymous_6)
FN:73,(anonymous_7)
FN:83,(anonymous_8)
FN:96,(anonymous_9)
FN:105,(anonymous_10)
FNF:11
FNH:11
FNDA:1,(anonymous_0)
FNDA:1,(anonymous_1)
FNDA:1,(anonymous_2)
FNDA:1,(anonymous_3)
FNDA:1,(anonymous_4)
FNDA:1,(anonymous_5)
FNDA:1,(anonymous_6)
FNDA:1,(anonymous_7)
FNDA:1,(anonymous_8)
FNDA:1,(anonymous_9)
FNDA:3,(anonymous_10)
DA:7,1
DA:8,1
DA:9,1
DA:18,1
DA:19,1
DA:20,1
DA:21,1
DA:22,1
DA:24,1
DA:32,1
DA:34,1
DA:35,1
DA:41,1
DA:42,1
DA:51,1
DA:52,1
DA:53,1
DA:54,1
DA:55,1
DA:57,1
DA:65,1
DA:66,1
DA:67,1
DA:73,1
DA:74,1
DA:83,1
DA:84,1
DA:85,1
DA:86,1
DA:87,1
DA:89,1
DA:97,1
DA:98,1
DA:99,1
DA:105,3
LF:35
LH:35
BRF:0
BRH:0
end_of_record
TN:
SF:/Users/x/Downloads/vue-draggable-resizable-master/tests/feature/specs/props/active.spec.js
FN:7,(anonymous_0)
FN:8,(anonymous_1)
FN:20,(anonymous_2)
FN:31,(anonymous_3)
FN:42,(anonymous_4)
FN:55,(anonymous_5)
FN:59,(anonymous_6)
FN:67,(anonymous_7)
FN:77,(anonymous_8)
FN:85,(anonymous_9)
FN:97,(anonymous_10)
FN:106,(anonymous_11)
FN:118,(anonymous_12)
FN:131,(anonymous_13)
FN:141,(anonymous_14)
FN:146,(anonymous_15)
FN:163,(anonymous_16)
FN:166,(anonymous_17)
FN:167,(anonymous_18)
FN:180,(anonymous_19)
FN:188,(anonymous_20)
FNF:21
FNH:21
FNDA:1,(anonymous_0)
FNDA:1,(anonymous_1)
FNDA:1,(anonymous_2)
FNDA:1,(anonymous_3)
FNDA:1,(anonymous_4)
FNDA:1,(anonymous_5)
FNDA:1,(anonymous_6)
FNDA:1,(anonymous_7)
FNDA:1,(anonymous_8)
FNDA:1,(anonymous_9)
FNDA:1,(anonymous_10)
FNDA:1,(anonymous_11)
FNDA:1,(anonymous_12)
FNDA:1,(anonymous_13)
FNDA:1,(anonymous_14)
FNDA:1,(anonymous_15)
FNDA:9,(anonymous_16)
FNDA:1,(anonymous_17)
FNDA:1,(anonymous_18)
FNDA:1,(anonymous_19)
FNDA:1,(anonymous_20)
DA:7,1
DA:8,1
DA:9,1
DA:16,1
DA:17,1
DA:20,1
DA:21,1
DA:28,1
DA:31,1
DA:32,1
DA:39,1
DA:42,1
DA:43,1
DA:50,1
DA:52,1
DA:55,1
DA:56,1
DA:59,1
DA:60,1
DA:61,1
DA:62,1
DA:63,1
DA:67,1
DA:68,1
DA:75,1
DA:77,1
DA:78,1
DA:79,1
DA:80,1
DA:81,1
DA:85,1
DA:86,1
DA:93,1
DA:97,1
DA:98,1
DA:99,1
DA:100,1
DA:102,1
DA:106,1
DA:107,1
DA:116,1
DA:118,1
DA:119,1
DA:120,1
DA:121,1
DA:122,1
DA:124,1
DA:132,1
DA:133,1
DA:135,1
DA:141,1
DA:142,1
DA:146,1
DA:147,1
DA:152,1
DA:156,1
DA:157,1
DA:159,1
DA:163,9
DA:166,1
DA:167,1
DA:168,1
DA:176,1
DA:178,1
DA:180,1
DA:181,1
DA:182,1
DA:184,1
DA:188,1
LF:69
LH:69
BRF:0
BRH:0
end_of_record
TN:
SF:/Users/x/Downloads/vue-draggable-resizable-master/tests/feature/specs/props/axis.spec.js
FN:7,(anonymous_0)
FN:8,(anonymous_1)
FN:19,(anonymous_2)
FN:31,(anonymous_3)
FN:45,(anonymous_4)
FN:46,(anonymous_5)
FN:55,(anonymous_6)
FN:67,(anonymous_7)
FN:81,(anonymous_8)
FN:82,(anonymous_9)
FN:91,(anonymous_10)
FNF:11
FNH:11
FNDA:1,(anonymous_0)
FNDA:1,(anonymous_1)
FNDA:1,(anonymous_2)
FNDA:1,(anonymous_3)
FNDA:1,(anonymous_4)
FNDA:1,(anonymous_5)
FNDA:1,(anonymous_6)
FNDA:1,(anonymous_7)
FNDA:1,(anonymous_8)
FNDA:1,(anonymous_9)
FNDA:3,(anonymous_10)
DA:7,1
DA:8,1
DA:9,1
DA:16,1
DA:19,1
DA:20,1
DA:31,1
DA:32,1
DA:34,1
DA:35,1
DA:36,1
DA:38,1
DA:46,1
DA:47,1
DA:48,1
DA:55,1
DA:56,1
DA:67,1
DA:68,1
DA:70,1
DA:71,1
DA:72,1
DA:74,1
DA:82,1
DA:83,1
DA:84,1
DA:91,3
LF:27
LH:27
BRF:0
BRH:0
end_of_record
TN:
SF:/Users/x/Downloads/vue-draggable-resizable-master/tests/feature/specs/props/callbacks.spec.js
FN:8,(anonymous_0)
FN:9,(anonymous_1)
FN:24,(anonymous_2)
FN:25,(anonymous_3)
FN:40,(anonymous_4)
FN:51,(anonymous_5)
FN:65,(anonymous_6)
FN:74,(anonymous_7)
FN:75,(anonymous_8)
FN:87,(anonymous_9)
FN:101,(anonymous_10)
FN:111,(anonymous_11)
FN:114,(anonymous_12)
FN:115,(anonymous_13)
FN:128,(anonymous_14)
FN:141,(anonymous_15)
FN:150,(anonymous_16)
FN:151,(anonymous_17)
FN:166,(anonymous_18)
FN:180,(anonymous_19)
FN:191,(anonymous_20)
FN:204,(anonymous_21)
FN:218,(anonymous_22)
FN:228,(anonymous_23)
FN:229,(anonymous_24)
FN:244,(anonymous_25)
FN:258,(anonymous_26)
FN:268,(anonymous_27)
FNF:28
FNH:28
FNDA:1,(anonymous_0)
FNDA:1,(anonymous_1)
FNDA:1,(anonymous_2)
FNDA:1,(anonymous_3)
FNDA:1,(anonymous_4)
FNDA:1,(anonymous_5)
FNDA:1,(anonymous_6)
FNDA:1,(anonymous_7)
FNDA:1,(anonymous_8)
FNDA:1,(anonymous_9)
FNDA:1,(anonymous_10)
FNDA:4,(anonymous_11)
FNDA:1,(anonymous_12)
FNDA:1,(anonymous_13)
FNDA:1,(anonymous_14)
FNDA:1,(anonymous_15)
FNDA:1,(anonymous_16)
FNDA:89,(anonymous_17)
FNDA:1,(anonymous_18)
FNDA:1,(anonymous_19)
FNDA:1,(anonymous_20)
FNDA:1,(anonymous_21)
FNDA:1,(anonymous_22)
FNDA:1,(anonymous_23)
FNDA:89,(anonymous_24)
FNDA:1,(anonymous_25)
FNDA:1,(anonymous_26)
FNDA:4,(anonymous_27)
DA:8,1
DA:9,1
DA:10,1
DA:12,1
DA:19,1
DA:21,1
DA:24,1
DA:25,1
DA:27,1
DA:34,1
DA:36,1
DA:37,1
DA:40,1
DA:41,1
DA:43,1
DA:51,1
DA:52,1
DA:54,1
DA:55,1
DA:56,1
DA:58,1
DA:66,1
DA:68,1
DA:74,1
DA:75,1
DA:77,1
DA:87,1
DA:88,1
DA:90,1
DA:91,1
DA:92,1
DA:94,1
DA:102,1
DA:103,1
DA:105,1
DA:111,4
DA:114,1
DA:115,1
DA:116,1
DA:118,1
DA:128,1
DA:129,1
DA:130,1
DA:132,1
DA:133,1
DA:135,1
DA:142,1
DA:143,1
DA:144,1
DA:150,1
DA:151,1
DA:152,89
DA:153,18
DA:156,1
DA:166,1
DA:167,1
DA:168,1
DA:170,1
DA:171,1
DA:173,1
DA:181,1
DA:182,1
DA:183,1
DA:184,1
DA:185,1
DA:191,1
DA:192,1
DA:194,1
DA:204,1
DA:205,1
DA:207,1
DA:208,1
DA:209,1
DA:211,1
DA:219,1
DA:220,1
DA:222,1
DA:228,1
DA:229,1
DA:230,89
DA:231,18
DA:234,1
DA:244,1
DA:245,1
DA:247,1
DA:248,1
DA:249,1
DA:251,1
DA:259,1
DA:260,1
DA:262,1
DA:268,4
LF:92
LH:92
BRDA:152,0,0,71
BRDA:152,0,1,18
BRDA:153,1,0,0
BRDA:153,1,1,18
BRDA:230,2,0,71
BRDA:230,2,1,18
BRDA:231,3,0,0
BRDA:231,3,1,18
BRF:8
BRH:6
end_of_record
TN:
SF:/Users/x/Downloads/vue-draggable-resizable-master/tests/feature/specs/props/classes.spec.js
FN:6,(anonymous_0)
FN:7,(anonymous_1)
FN:18,(anonymous_2)
FN:30,(anonymous_3)
FN:40,(anonymous_4)
FN:50,(anonymous_5)
FN:62,(anonymous_6)
FNF:7
FNH:7
FNDA:1,(anonymous_0)
FNDA:1,(anonymous_1)
FNDA:1,(anonymous_2)
FNDA:1,(anonymous_3)
FNDA:1,(anonymous_4)
FNDA:1,(anonymous_5)
FNDA:5,(anonymous_6)
DA:6,1
DA:7,1
DA:8,1
DA:14,1
DA:15,1
DA:18,1
DA:19,1
DA:26,1
DA:27,1
DA:30,1
DA:31,1
DA:37,1
DA:40,1
DA:41,1
DA:47,1
DA:50,1
DA:51,1
DA:58,1
DA:59,1
DA:62,5
LF:20
LH:20
BRF:0
BRH:0
end_of_record
TN:
SF:/Users/x/Downloads/vue-draggable-resizable-master/tests/feature/specs/props/drag-handle_drag-cancel.spec.js
FN:7,(anonymous_0)
FN:8,(anonymous_1)
FN:25,(anonymous_2)
FN:42,(anonymous_3)
FN:57,(anonymous_4)
FN:71,(anonymous_5)
FN:72,(anonymous_6)
FN:83,(anonymous_7)
FN:84,(anonymous_8)
FN:101,(anonymous_9)
FN:118,(anonymous_10)
FNF:11
FNH:11
FNDA:1,(anonymous_0)
FNDA:1,(anonymous_1)
FNDA:1,(anonymous_2)
FNDA:1,(anonymous_3)
FNDA:1,(anonymous_4)
FNDA:1,(anonymous_5)
FNDA:1,(anonymous_6)
FNDA:1,(anonymous_7)
FNDA:1,(anonymous_8)
FNDA:1,(anonymous_9)
FNDA:2,(anonymous_10)
DA:7,1
DA:8,1
DA:9,1
DA:19,1
DA:21,1
DA:22,1
DA:25,1
DA:26,1
DA:36,1
DA:38,1
DA:39,1
DA:42,1
DA:43,1
DA:57,1
DA:58,1
DA:60,1
DA:61,1
DA:62,1
DA:64,1
DA:72,1
DA:73,1
DA:74,1
DA:75,1
DA:83,1
DA:84,1
DA:85,1
DA:95,1
DA:97,1
DA:98,1
DA:101,1
DA:102,1
DA:112,1
DA:114,1
DA:115,1
DA:118,2
LF:35
LH:35
BRF:0
BRH:0
end_of_record
TN:
SF:/Users/x/Downloads/vue-draggable-resizable-master/tests/feature/specs/props/draggable-resizable.spec.js
FN:7,(anonymous_0)
FN:8,(anonymous_1)
FN:20,(anonymous_2)
FN:21,(anonymous_3)
FN:27,(anonymous_4)
FN:37,(anonymous_5)
FN:44,(anonymous_6)
FN:56,(anonymous_7)
FN:68,(anonymous_8)
FN:82,(anonymous_9)
FN:94,(anonymous_10)
FN:95,(anonymous_11)
FN:101,(anonymous_12)
FN:111,(anonymous_13)
FN:118,(anonymous_14)
FN:130,(anonymous_15)
FN:143,(anonymous_16)
FNF:17
FNH:17
FNDA:1,(anonymous_0)
FNDA:1,(anonymous_1)
FNDA:1,(anonymous_2)
FNDA:1,(anonymous_3)
FNDA:1,(anonymous_4)
FNDA:1,(anonymous_5)
FNDA:1,(anonymous_6)
FNDA:1,(anonymous_7)
FNDA:1,(anonymous_8)
FNDA:1,(anonymous_9)
FNDA:1,(anonymous_10)
FNDA:1,(anonymous_11)
FNDA:1,(anonymous_12)
FNDA:1,(anonymous_13)
FNDA:1,(anonymous_14)
FNDA:1,(anonymous_15)
FNDA:4,(anonymous_16)
DA:7,1
DA:8,1
DA:9,1
DA:16,1
DA:20,1
DA:21,1
DA:22,1
DA:24,1
DA:27,1
DA:28,1
DA:35,1
DA:37,1
DA:38,1
DA:40,1
DA:44,1
DA:45,1
DA:51,1
DA:52,1
DA:53,1
DA:56,1
DA:57,1
DA:68,1
DA:69,1
DA:71,1
DA:72,1
DA:73,1
DA:75,1
DA:83,1
DA:84,1
DA:85,1
DA:86,1
DA:87,1
DA:94,1
DA:95,1
DA:96,1
DA:98,1
DA:101,1
DA:102,1
DA:109,1
DA:111,1
DA:112,1
DA:114,1
DA:118,1
DA:119,1
DA:127,1
DA:130,1
DA:131,1
DA:138,1
DA:140,1
DA:143,4
LF:50
LH:50
BRF:0
BRH:0
end_of_record
TN:
SF:/Users/x/Downloads/vue-draggable-resizable-master/tests/feature/specs/props/grid.spec.js
FN:7,(anonymous_0)
FN:8,(anonymous_1)
FN:19,(anonymous_2)
FN:32,(anonymous_3)
FN:44,(anonymous_4)
FN:58,(anonymous_5)
FN:67,(anonymous_6)
FN:79,(anonymous_7)
FN:93,(anonymous_8)
FN:94,(anonymous_9)
FN:104,(anonymous_10)
FN:117,(anonymous_11)
FN:131,(anonymous_12)
FN:132,(anonymous_13)
FN:142,(anonymous_14)
FN:155,(anonymous_15)
FN:169,(anonymous_16)
FN:170,(anonymous_17)
FN:180,(anonymous_18)
FN:195,(anonymous_19)
FN:209,(anonymous_20)
FN:210,(anonymous_21)
FN:220,(anonymous_22)
FNF:23
FNH:23
FNDA:1,(anonymous_0)
FNDA:1,(anonymous_1)
FNDA:1,(anonymous_2)
FNDA:1,(anonymous_3)
FNDA:1,(anonymous_4)
FNDA:1,(anonymous_5)
FNDA:1,(anonymous_6)
FNDA:1,(anonymous_7)
FNDA:1,(anonymous_8)
FNDA:1,(anonymous_9)
FNDA:1,(anonymous_10)
FNDA:1,(anonymous_11)
FNDA:1,(anonymous_12)
FNDA:1,(anonymous_13)
FNDA:1,(anonymous_14)
FNDA:1,(anonymous_15)
FNDA:1,(anonymous_16)
FNDA:1,(anonymous_17)
FNDA:1,(anonymous_18)
FNDA:1,(anonymous_19)
FNDA:1,(anonymous_20)
FNDA:1,(anonymous_21)
FNDA:7,(anonymous_22)
DA:7,1
DA:8,1
DA:9,1
DA:15,1
DA:16,1
DA:19,1
DA:20,1
DA:26,1
DA:28,1
DA:29,1
DA:32,1
DA:33,1
DA:44,1
DA:45,1
DA:47,1
DA:48,1
DA:49,1
DA:51,1
DA:59,1
DA:60,1
DA:61,1
DA:67,1
DA:68,1
DA:79,1
DA:80,1
DA:82,1
DA:83,1
DA:84,1
DA:86,1
DA:94,1
DA:95,1
DA:96,1
DA:97,1
DA:104,1
DA:105,1
DA:117,1
DA:118,1
DA:120,1
DA:121,1
DA:122,1
DA:124,1
DA:132,1
DA:133,1
DA:134,1
DA:135,1
DA:142,1
DA:143,1
DA:155,1
DA:156,1
DA:158,1
DA:159,1
DA:160,1
DA:162,1
DA:170,1
DA:171,1
DA:172,1
DA:173,1
DA:180,1
DA:181,1
DA:195,1
DA:196,1
DA:198,1
DA:199,1
DA:200,1
DA:202,1
DA:210,1
DA:211,1
DA:212,1
DA:213,1
DA:220,7
LF:70
LH:70
BRF:0
BRH:0
end_of_record
TN:
SF:/Users/x/Downloads/vue-draggable-resizable-master/tests/feature/specs/props/handles.spec.js
FN:7,(anonymous_0)
FN:8,(anonymous_1)
FN:20,(anonymous_2)
FN:31,(anonymous_3)
FN:46,(anonymous_4)
FNF:5
FNH:5
FNDA:1,(anonymous_0)
FNDA:1,(anonymous_1)
FNDA:1,(anonymous_2)
FNDA:1,(anonymous_3)
FNDA:3,(anonymous_4)
DA:7,1
DA:8,1
DA:9,1
DA:16,1
DA:17,1
DA:20,1
DA:21,1
DA:28,1
DA:31,1
DA:32,1
DA:40,1
DA:42,1
DA:43,1
DA:46,3
LF:14
LH:14
BRF:0
BRH:0
end_of_record
TN:
SF:/Users/x/Downloads/vue-draggable-resizable-master/tests/feature/specs/props/lock-aspect-ratio.spec.js
FN:7,(anonymous_0)
FN:8,(anonymous_1)
FN:18,(anonymous_2)
FN:29,(anonymous_3)
FN:43,(anonymous_4)
FN:44,(anonymous_5)
FN:54,(anonymous_6)
FN:68,(anonymous_7)
FN:82,(anonymous_8)
FN:83,(anonymous_9)
FN:95,(anonymous_10)
FNF:11
FNH:11
FNDA:1,(anonymous_0)
FNDA:1,(anonymous_1)
FNDA:1,(anonymous_2)
FNDA:1,(anonymous_3)
FNDA:1,(anonymous_4)
FNDA:1,(anonymous_5)
FNDA:1,(anonymous_6)
FNDA:1,(anonymous_7)
FNDA:1,(anonymous_8)
FNDA:1,(anonymous_9)
FNDA:3,(anonymous_10)
DA:7,1
DA:8,1
DA:9,1
DA:15,1
DA:18,1
DA:19,1
DA:29,1
DA:30,1
DA:32,1
DA:33,1
DA:34,1
DA:36,1
DA:44,1
DA:45,1
DA:46,1
DA:47,1
DA:54,1
DA:55,1
DA:64,1
DA:68,1
DA:69,1
DA:71,1
DA:72,1
DA:73,1
DA:75,1
DA:83,1
DA:84,1
DA:85,1
DA:86,1
DA:87,1
DA:88,1
DA:95,3
LF:32
LH:32
BRF:0
BRH:0
end_of_record
TN:
SF:/Users/x/Downloads/vue-draggable-resizable-master/tests/feature/specs/props/max-width_max-height.spec.js
FN:7,(anonymous_0)
FN:8,(anonymous_1)
FN:20,(anonymous_2)
FN:35,(anonymous_3)
FN:47,(anonymous_4)
FN:61,(anonymous_5)
FN:71,(anonymous_6)
FNF:7
FNH:7
FNDA:1,(anonymous_0)
FNDA:1,(anonymous_1)
FNDA:1,(anonymous_2)
FNDA:1,(anonymous_3)
FNDA:1,(anonymous_4)
FNDA:1,(anonymous_5)
FNDA:3,(anonymous_6)
DA:7,1
DA:8,1
DA:9,1
DA:16,1
DA:17,1
DA:20,1
DA:21,1
DA:29,1
DA:31,1
DA:32,1
DA:35,1
DA:36,1
DA:47,1
DA:48,1
DA:50,1
DA:51,1
DA:52,1
DA:54,1
DA:62,1
DA:63,1
DA:65,1
DA:71,3
LF:22
LH:22
BRF:0
BRH:0
end_of_record
TN:
SF:/Users/x/Downloads/vue-draggable-resizable-master/tests/feature/specs/props/min-width_min-height.spec.js
FN:8,(anonymous_0)
FN:9,(anonymous_1)
FN:21,(anonymous_2)
FN:36,(anonymous_3)
FN:48,(anonymous_4)
FN:62,(anonymous_5)
FN:72,(anonymous_6)
FNF:7
FNH:7
FNDA:1,(anonymous_0)
FNDA:1,(anonymous_1)
FNDA:1,(anonymous_2)
FNDA:1,(anonymous_3)
FNDA:1,(anonymous_4)
FNDA:1,(anonymous_5)
FNDA:3,(anonymous_6)
DA:8,1
DA:9,1
DA:10,1
DA:17,1
DA:18,1
DA:21,1
DA:22,1
DA:30,1
DA:32,1
DA:33,1
DA:36,1
DA:37,1
DA:48,1
DA:49,1
DA:51,1
DA:52,1
DA:53,1
DA:55,1
DA:63,1
DA:64,1
DA:66,1
DA:72,3
LF:22
LH:22
BRF:0
BRH:0
end_of_record
TN:
SF:/Users/x/Downloads/vue-draggable-resizable-master/tests/feature/specs/props/parent-grid.spec.js
FN:7,(anonymous_0)
FN:8,(anonymous_1)
FN:22,(anonymous_2)
FN:36,(anonymous_3)
FN:45,(anonymous_4)
FN:59,(anonymous_5)
FN:73,(anonymous_6)
FN:82,(anonymous_7)
FN:96,(anonymous_8)
FN:110,(anonymous_9)
FN:119,(anonymous_10)
FN:133,(anonymous_11)
FN:147,(anonymous_12)
FN:156,(anonymous_13)
FN:170,(anonymous_14)
FN:184,(anonymous_15)
FN:185,(anonymous_16)
FN:195,(anonymous_17)
FN:209,(anonymous_18)
FN:223,(anonymous_19)
FN:232,(anonymous_20)
FNF:21
FNH:21
FNDA:1,(anonymous_0)
FNDA:1,(anonymous_1)
FNDA:1,(anonymous_2)
FNDA:1,(anonymous_3)
FNDA:1,(anonymous_4)
FNDA:1,(anonymous_5)
FNDA:1,(anonymous_6)
FNDA:1,(anonymous_7)
FNDA:1,(anonymous_8)
FNDA:1,(anonymous_9)
FNDA:1,(anonymous_10)
FNDA:1,(anonymous_11)
FNDA:1,(anonymous_12)
FNDA:1,(anonymous_13)
FNDA:1,(anonymous_14)
FNDA:1,(anonymous_15)
FNDA:1,(anonymous_16)
FNDA:1,(anonymous_17)
FNDA:1,(anonymous_18)
FNDA:1,(anonymous_19)
FNDA:6,(anonymous_20)
DA:7,1
DA:8,1
DA:9,1
DA:18,1
DA:22,1
DA:23,1
DA:25,1
DA:26,1
DA:27,1
DA:29,1
DA:37,1
DA:38,1
DA:39,1
DA:45,1
DA:46,1
DA:55,1
DA:59,1
DA:60,1
DA:62,1
DA:63,1
DA:64,1
DA:66,1
DA:74,1
DA:75,1
DA:76,1
DA:82,1
DA:83,1
DA:92,1
DA:96,1
DA:97,1
DA:99,1
DA:100,1
DA:101,1
DA:103,1
DA:111,1
DA:112,1
DA:113,1
DA:119,1
DA:120,1
DA:129,1
DA:133,1
DA:134,1
DA:136,1
DA:137,1
DA:138,1
DA:140,1
DA:148,1
DA:149,1
DA:150,1
DA:156,1
DA:157,1
DA:166,1
DA:170,1
DA:171,1
DA:173,1
DA:174,1
DA:175,1
DA:177,1
DA:185,1
DA:186,1
DA:187,1
DA:189,1
DA:195,1
DA:196,1
DA:205,1
DA:209,1
DA:210,1
DA:212,1
DA:213,1
DA:214,1
DA:216,1
DA:224,1
DA:225,1
DA:226,1
DA:232,6
LF:75
LH:75
BRF:0
BRH:0
end_of_record
TN:
SF:/Users/x/Downloads/vue-draggable-resizable-master/tests/feature/specs/props/parent-position.spec.js
FN:7,(anonymous_0)
FN:8,(anonymous_1)
FN:26,(anonymous_2)
FN:38,(anonymous_3)
FN:56,(anonymous_4)
FN:68,(anonymous_5)
FNF:6
FNH:6
FNDA:1,(anonymous_0)
FNDA:1,(anonymous_1)
FNDA:1,(anonymous_2)
FNDA:1,(anonymous_3)
FNDA:1,(anonymous_4)
FNDA:2,(anonymous_5)
DA:7,1
DA:8,1
DA:9,1
DA:18,1
DA:22,1
DA:24,1
DA:26,1
DA:27,1
DA:29,1
DA:30,1
DA:31,1
DA:32,1
DA:34,1
DA:38,1
DA:39,1
DA:48,1
DA:52,1
DA:54,1
DA:56,1
DA:57,1
DA:59,1
DA:60,1
DA:61,1
DA:62,1
DA:64,1
DA:68,1
DA:69,2
DA:70,2
LF:28
LH:28
BRF:0
BRH:0
end_of_record
TN:
SF:/Users/x/Downloads/vue-draggable-resizable-master/tests/feature/specs/props/parent-size.spec.js
FN:7,(anonymous_0)
FN:8,(anonymous_1)
FN:26,(anonymous_2)
FN:38,(anonymous_3)
FN:56,(anonymous_4)
FN:68,(anonymous_5)
FNF:6
FNH:6
FNDA:1,(anonymous_0)
FNDA:1,(anonymous_1)
FNDA:1,(anonymous_2)
FNDA:1,(anonymous_3)
FNDA:1,(anonymous_4)
FNDA:2,(anonymous_5)
DA:7,1
DA:8,1
DA:9,1
DA:18,1
DA:22,1
DA:24,1
DA:26,1
DA:27,1
DA:29,1
DA:30,1
DA:31,1
DA:32,1
DA:34,1
DA:38,1
DA:39,1
DA:48,1
DA:52,1
DA:54,1
DA:56,1
DA:57,1
DA:59,1
DA:60,1
DA:61,1
DA:62,0
DA:64,0
DA:68,1
DA:69,2
DA:70,1
LF:28
LH:26
BRF:0
BRH:0
end_of_record
TN:
SF:/Users/x/Downloads/vue-draggable-resizable-master/tests/feature/specs/props/parent.spec.js
FN:7,(anonymous_0)
FN:8,(anonymous_1)
FN:22,(anonymous_2)
FN:36,(anonymous_3)
FN:45,(anonymous_4)
FN:59,(anonymous_5)
FN:73,(anonymous_6)
FN:82,(anonymous_7)
FN:96,(anonymous_8)
FN:110,(anonymous_9)
FN:121,(anonymous_10)
FN:135,(anonymous_11)
FN:149,(anonymous_12)
FN:160,(anonymous_13)
FNF:14
FNH:14
FNDA:1,(anonymous_0)
FNDA:1,(anonymous_1)
FNDA:1,(anonymous_2)
FNDA:1,(anonymous_3)
FNDA:1,(anonymous_4)
FNDA:1,(anonymous_5)
FNDA:1,(anonymous_6)
FNDA:1,(anonymous_7)
FNDA:1,(anonymous_8)
FNDA:1,(anonymous_9)
FNDA:1,(anonymous_10)
FNDA:1,(anonymous_11)
FNDA:1,(anonymous_12)
FNDA:4,(anonymous_13)
DA:7,1
DA:8,1
DA:9,1
DA:18,1
DA:22,1
DA:23,1
DA:25,1
DA:26,1
DA:27,1
DA:29,1
DA:37,1
DA:39,0
DA:45,1
DA:46,1
DA:55,1
DA:59,1
DA:60,1
DA:62,1
DA:63,1
DA:64,1
DA:66,1
DA:74,1
DA:76,0
DA:82,1
DA:83,1
DA:92,1
DA:96,1
DA:97,1
DA:99,1
DA:100,1
DA:101,1
DA:103,1
DA:111,1
DA:112,0
DA:113,0
DA:115,0
DA:121,1
DA:122,1
DA:131,1
DA:135,1
DA:136,1
DA:138,1
DA:139,1
DA:140,1
DA:142,1
DA:150,1
DA:151,0
DA:152,0
DA:154,0
DA:160,4
LF:50
LH:42
BRF:0
BRH:0
end_of_record
TN:
SF:/Users/x/Downloads/vue-draggable-resizable-master/tests/feature/specs/props/position.spec.js
FN:6,(anonymous_0)
FN:7,(anonymous_1)
FN:17,(anonymous_2)
FN:23,(anonymous_3)
FN:37,(anonymous_4)
FNF:5
FNH:5
FNDA:1,(anonymous_0)
FNDA:1,(anonymous_1)
FNDA:1,(anonymous_2)
FNDA:1,(anonymous_3)
FNDA:2,(anonymous_4)
DA:6,1
DA:7,1
DA:8,1
DA:15,1
DA:16,1
DA:17,1
DA:18,1
DA:19,0
DA:23,1
DA:24,1
DA:31,1
DA:33,1
DA:34,1
DA:37,2
LF:14
LH:13
BRF:0
BRH:0
end_of_record
TN:
SF:/Users/x/Downloads/vue-draggable-resizable-master/tests/feature/specs/props/scale.spec.js
FN:7,(anonymous_0)
FN:8,(anonymous_1)
FN:22,(anonymous_2)
FN:36,(anonymous_3)
FN:45,(anonymous_4)
FN:59,(anonymous_5)
FN:73,(anonymous_6)
FN:82,(anonymous_7)
FNF:8
FNH:8
FNDA:1,(anonymous_0)
FNDA:1,(anonymous_1)
FNDA:1,(anonymous_2)
FNDA:1,(anonymous_3)
FNDA:1,(anonymous_4)
FNDA:1,(anonymous_5)
FNDA:1,(anonymous_6)
FNDA:2,(anonymous_7)
DA:7,1
DA:8,1
DA:9,1
DA:18,1
DA:22,1
DA:23,1
DA:25,1
DA:26,1
DA:27,1
DA:29,1
DA:37,1
DA:38,0
DA:39,0
DA:45,1
DA:46,1
DA:55,1
DA:59,1
DA:60,1
DA:62,1
DA:63,1
DA:64,1
DA:66,1
DA:74,1
DA:75,0
DA:76,0
DA:82,2
LF:26
LH:22
BRF:0
BRH:0
end_of_record
TN:
SF:/Users/x/Downloads/vue-draggable-resizable-master/tests/feature/specs/props/size.spec.js
FN:7,(anonymous_0)
FN:8,(anonymous_1)
FN:19,(anonymous_2)
FN:26,(anonymous_3)
FN:40,(anonymous_4)
FN:51,(anonymous_5)
FN:58,(anonymous_6)
FN:71,(anonymous_7)
FN:87,(anonymous_8)
FN:99,(anonymous_9)
FN:112,(anonymous_10)
FN:124,(anonymous_11)
FNF:12
FNH:12
FNDA:1,(anonymous_0)
FNDA:1,(anonymous_1)
FNDA:1,(anonymous_2)
FNDA:1,(anonymous_3)
FNDA:1,(anonymous_4)
FNDA:1,(anonymous_5)
FNDA:1,(anonymous_6)
FNDA:1,(anonymous_7)
FNDA:1,(anonymous_8)
FNDA:1,(anonymous_9)
FNDA:1,(anonymous_10)
FNDA:5,(anonymous_11)
DA:7,1
DA:8,1
DA:9,1
DA:16,1
DA:17,1
DA:19,1
DA:20,1
DA:21,1
DA:22,1
DA:26,1
DA:27,1
DA:34,1
DA:36,1
DA:37,0
DA:40,1
DA:41,1
DA:48,1
DA:49,1
DA:51,1
DA:52,1
DA:53,1
DA:54,1
DA:58,1
DA:59,1
DA:71,1
DA:72,1
DA:74,1
DA:75,1
DA:76,1
DA:78,1
DA:80,1
DA:88,1
DA:89,1
DA:90,1
DA:91,0
DA:93,0
DA:99,1
DA:100,1
DA:112,1
DA:113,1
DA:115,1
DA:117,1
DA:118,0
DA:120,0
DA:124,5
LF:45
LH:40
BRF:0
BRH:0
end_of_record
TN:
SF:/Users/x/Downloads/vue-draggable-resizable-master/tests/feature/specs/props/validation.spec.js
FN:6,getProp
FN:10,(anonymous_1)
FN:11,(anonymous_2)
FN:15,(anonymous_3)
FN:23,(anonymous_4)
FN:31,(anonymous_5)
FN:39,(anonymous_6)
FN:47,(anonymous_7)
FN:55,(anonymous_8)
FN:63,(anonymous_9)
FN:71,(anonymous_10)
FN:79,(anonymous_11)
FN:87,(anonymous_12)
FN:95,(anonymous_13)
FN:103,(anonymous_14)
FN:111,(anonymous_15)
FN:119,(anonymous_16)
FN:127,(anonymous_17)
FN:139,(anonymous_18)
FN:151,(anonymous_19)
FN:161,(anonymous_20)
FN:171,(anonymous_21)
FN:181,(anonymous_22)
FN:191,(anonymous_23)
FN:199,(anonymous_24)
FN:207,(anonymous_25)
FN:220,(anonymous_26)
FN:230,(anonymous_27)
FN:238,(anonymous_28)
FN:246,(anonymous_29)
FN:258,(anonymous_30)
FN:266,(anonymous_31)
FN:274,(anonymous_32)
FN:285,(anonymous_33)
FN:293,(anonymous_34)
FN:301,(anonymous_35)
FN:309,(anonymous_36)
FN:317,(anonymous_37)
FNF:38
FNH:38
FNDA:34,getProp
FNDA:1,(anonymous_1)
FNDA:34,(anonymous_2)
FNDA:1,(anonymous_3)
FNDA:1,(anonymous_4)
FNDA:1,(anonymous_5)
FNDA:1,(anonymous_6)
FNDA:1,(anonymous_7)
FNDA:1,(anonymous_8)
FNDA:1,(anonymous_9)
FNDA:1,(anonymous_10)
FNDA:1,(anonymous_11)
FNDA:1,(anonymous_12)
FNDA:1,(anonymous_13)
FNDA:1,(anonymous_14)
FNDA:1,(anonymous_15)
FNDA:1,(anonymous_16)
FNDA:1,(anonymous_17)
FNDA:1,(anonymous_18)
FNDA:1,(anonymous_19)
FNDA:1,(anonymous_20)
FNDA:1,(anonymous_21)
FNDA:1,(anonymous_22)
FNDA:1,(anonymous_23)
FNDA:1,(anonymous_24)
FNDA:1,(anonymous_25)
FNDA:1,(anonymous_26)
FNDA:1,(anonymous_27)
FNDA:1,(anonymous_28)
FNDA:1,(anonymous_29)
FNDA:1,(anonymous_30)
FNDA:1,(anonymous_31)
FNDA:1,(anonymous_32)
FNDA:1,(anonymous_33)
FNDA:1,(anonymous_34)
FNDA:1,(anonymous_35)
FNDA:1,(anonymous_36)
FNDA:34,(anonymous_37)
DA:7,34
DA:10,1
DA:11,1
DA:12,34
DA:15,1
DA:16,1
DA:18,1
DA:19,1
DA:20,1
DA:23,1
DA:24,1
DA:26,1
DA:27,1
DA:28,1
DA:31,1
DA:32,1
DA:34,1
DA:35,1
DA:36,1
DA:39,1
DA:40,1
DA:42,1
DA:43,1
DA:44,1
DA:47,1
DA:48,1
DA:50,1
DA:51,1
DA:52,1
DA:55,1
DA:56,1
DA:58,1
DA:59,1
DA:60,1
DA:63,1
DA:64,1
DA:66,1
DA:67,1
DA:68,1
DA:71,1
DA:72,1
DA:74,1
DA:75,1
DA:76,1
DA:79,1
DA:80,1
DA:82,1
DA:83,1
DA:84,1
DA:87,1
DA:88,1
DA:90,1
DA:91,1
DA:92,1
DA:95,1
DA:96,1
DA:98,1
DA:99,1
DA:100,1
DA:103,1
DA:104,1
DA:106,1
DA:107,1
DA:108,1
DA:111,1
DA:112,1
DA:114,1
DA:115,1
DA:116,1
DA:119,1
DA:120,1
DA:122,1
DA:123,1
DA:124,1
DA:127,1
DA:128,1
DA:130,1
DA:131,1
DA:132,1
DA:133,1
DA:134,1
DA:135,1
DA:136,1
DA:139,1
DA:140,1
DA:142,1
DA:143,1
DA:144,1
DA:145,1
DA:146,1
DA:147,1
DA:148,1
DA:151,1
DA:152,1
DA:154,1
DA:155,1
DA:156,1
DA:157,1
DA:158,1
DA:161,1
DA:162,1
DA:164,1
DA:165,1
DA:166,1
DA:167,1
DA:168,1
DA:171,1
DA:172,1
DA:174,1
DA:175,1
DA:176,1
DA:177,1
DA:178,1
DA:181,1
DA:182,1
DA:184,1
DA:185,1
DA:186,1
DA:187,1
DA:188,1
DA:191,1
DA:192,1
DA:194,1
DA:195,1
DA:196,1
DA:199,1
DA:200,1
DA:202,1
DA:203,1
DA:204,1
DA:207,1
DA:208,1
DA:210,1
DA:211,1
DA:212,1
DA:213,1
DA:214,1
DA:215,1
DA:216,1
DA:217,1
DA:220,1
DA:221,1
DA:223,1
DA:224,1
DA:225,1
DA:226,1
DA:227,1
DA:230,1
DA:231,1
DA:233,1
DA:234,1
DA:235,1
DA:238,1
DA:239,1
DA:241,1
DA:242,1
DA:243,1
DA:246,1
DA:247,1
DA:249,1
DA:250,1
DA:251,1
DA:252,1
DA:253,1
DA:254,1
DA:255,1
DA:258,1
DA:259,1
DA:261,1
DA:262,1
DA:263,1
DA:266,1
DA:267,1
DA:269,1
DA:270,1
DA:271,1
DA:274,1
DA:275,1
DA:277,1
DA:278,1
DA:279,1
DA:280,1
DA:281,1
DA:282,1
DA:285,1
DA:286,1
DA:288,1
DA:289,1
DA:290,1
DA:293,1
DA:294,1
DA:296,1
DA:297,1
DA:298,1
DA:301,1
DA:302,1
DA:304,1
DA:305,1
DA:306,1
DA:309,1
DA:310,1
DA:312,1
DA:313,1
DA:314,1
DA:317,34
LF:205
LH:205
BRF:0
BRH:0
end_of_record
TN:
SF:/Users/x/Downloads/vue-draggable-resizable-master/tests/feature/specs/props/zindex.spec.js
FN:7,(anonymous_0)
FN:8,(anonymous_1)
FN:20,(anonymous_2)
FN:26,(anonymous_3)
FN:39,(anonymous_4)
FNF:5
FNH:5
FNDA:1,(anonymous_0)
FNDA:1,(anonymous_1)
FNDA:1,(anonymous_2)
FNDA:1,(anonymous_3)
FNDA:3,(anonymous_4)
DA:7,1
DA:8,1
DA:9,1
DA:16,1
DA:17,1
DA:20,1
DA:21,1
DA:23,1
DA:26,1
DA:27,1
DA:34,1
DA:36,1
DA:39,3
LF:13
LH:13
BRF:0
BRH:0
end_of_record
